client.py: logging in using static token
http.py: GET https://discord.com/api/v7/users/@me with None has returned 401
client.py: Cleaning up tasks.
client.py: Closing the event loop.
client.py: logging in using static token
http.py: GET https://discord.com/api/v7/users/@me with None has returned 200
http.py: GET https://discord.com/api/v7/users/@me has received {'id': '964445572041953281', 'username': 'bot_ing', 'avatar': None, 'avatar_decoration': None, 'discriminator': '3532', 'public_flags': 0, 'flags': 0, 'bot': True, 'banner': None, 'banner_color': None, 'accent_color': None, 'bio': '', 'pronouns': '', 'locale': 'en-US', 'mfa_enabled': False, 'email': None, 'verified': True}
http.py: GET https://discord.com/api/v7/gateway with None has returned 200
http.py: GET https://discord.com/api/v7/gateway has received {'url': 'wss://gateway.discord.gg'}
gateway.py: Created websocket connected to wss://gateway.discord.gg?encoding=json&v=6&compress=zlib-stream
client.py: Dispatching event socket_raw_receive
gateway.py: For Shard ID None: WebSocket Event: {'t': None, 's': None, 'op': 10, 'd': {'heartbeat_interval': 41250, '_trace': ['["gateway-prd-main-7457",{"micros":0.0}]']}}
client.py: Dispatching event socket_response
client.py: Dispatching event socket_raw_send
client.py: Dispatching event socket_raw_send
gateway.py: Shard ID None has sent the IDENTIFY payload.
client.py: Dispatching event socket_raw_receive
gateway.py: For Shard ID None: WebSocket Event: {'t': None, 's': None, 'op': 11, 'd': None}
client.py: Dispatching event socket_response
client.py: Dispatching event socket_raw_receive
gateway.py: For Shard ID None: WebSocket Event: {'t': 'READY', 's': 1, 'op': 0, 'd': {'v': 6, 'user_settings': {}, 'user': {'verified': True, 'username': 'bot_ing', 'mfa_enabled': False, 'id': '964445572041953281', 'flags': 0, 'email': None, 'discriminator': '3532', 'bot': True, 'avatar': None}, 'session_id': '61361cf97471fcd330fe9c4a328f2731', 'relationships': [], 'private_channels': [], 'presences': [], 'guilds': [{'unavailable': True, 'id': '630479201639727125'}], 'guild_join_requests': [], 'geo_ordered_rtc_regions': ['rotterdam', 'milan', 'madrid', 'stockholm', 'bucharest'], 'application': {'id': '964445572041953281', 'flags': 262144}, '_trace': ['["gateway-prd-main-7457",{"micros":91248,"calls":["discord-sessions-blue-prd-2-47",{"micros":90259,"calls":["start_session",{"micros":76714,"calls":["discord-api-59dffdb7f6-q4m48",{"micros":71476,"calls":["get_user",{"micros":7958},"add_authorized_ip",{"micros":1623},"get_guilds",{"micros":36510},"coros_wait",{"micros":3}]}]},"guilds_connect",{"micros":1,"calls":[]},"presence_connect",{"micros":9577,"calls":[]}]}]}]']}}
client.py: Dispatching event socket_response
gateway.py: Shard ID None has connected to Gateway: ["gateway-prd-main-7457",{"micros":91248,"calls":["discord-sessions-blue-prd-2-47",{"micros":90259,"calls":["start_session",{"micros":76714,"calls":["discord-api-59dffdb7f6-q4m48",{"micros":71476,"calls":["get_user",{"micros":7958},"add_authorized_ip",{"micros":1623},"get_guilds",{"micros":36510},"coros_wait",{"micros":3}]}]},"guilds_connect",{"micros":1,"calls":[]},"presence_connect",{"micros":9577,"calls":[]}]}]}] (Session ID: 61361cf97471fcd330fe9c4a328f2731).
client.py: Dispatching event connect
client.py: Dispatching event socket_raw_receive
gateway.py: For Shard ID None: WebSocket Event: {'t': 'GUILD_MEMBER_UPDATE', 's': 2, 'op': 0, 'd': {'user': {'username': 'bot_ing', 'id': '964445572041953281', 'discriminator': '3532', 'bot': True, 'avatar': None}, 'roles': ['964447339202899992'], 'premium_since': None, 'pending': False, 'nick': None, 'mute': False, 'joined_at': '2022-04-15T08:49:24.341318+00:00', 'hoisted_role': None, 'guild_id': '630479201639727125', 'flags': 0, 'deaf': False, 'communication_disabled_until': None, 'avatar': None}}
client.py: Dispatching event socket_response
state.py: GUILD_MEMBER_UPDATE referencing an unknown member ID: 964445572041953281. Discarding.
client.py: Dispatching event socket_raw_receive
gateway.py: For Shard ID None: WebSocket Event: {'t': 'GUILD_CREATE', 's': 3, 'op': 0, 'd': {'name': 'ICO', 'explicit_content_filter': 0, 'members': [{'user': {'username': 'bot_ing', 'id': '964445572041953281', 'discriminator': '3532', 'bot': True, 'avatar': None}, 'roles': ['964447339202899992'], 'premium_since': None, 'pending': False, 'nick': None, 'mute': False, 'joined_at': '2022-04-15T08:49:24.341318+00:00', 'hoisted_role': None, 'flags': 0, 'deaf': False, 'communication_disabled_until': None, 'avatar': None}], 'joined_at': '2022-04-15T08:49:24.341318+00:00', 'system_channel_id': '630479202117746709', 'owner_id': '241095381834792960', 'premium_subscription_count': 0, 'public_updates_channel_id': None, 'guild_scheduled_events': [], 'large': False, 'icon': None, 'application_id': None, 'banner': None, 'nsfw': False, 'stage_instances': [], 'lazy': True, 'discovery_splash': None, 'nsfw_level': 0, 'default_message_notifications': 0, 'mfa_level': 0, 'afk_timeout': 300, 'channels': [{'type': 4, 'position': 0, 'permission_overwrites': [], 'name': 'Salons textuels', 'id': '630479202117746708'}, {'type': 0, 'topic': None, 'rate_limit_per_user': 0, 'position': 0, 'permission_overwrites': [], 'parent_id': '630479202117746708', 'name': 'général', 'last_message_id': '965876240030498816', 'id': '630479202117746709'}, {'type': 4, 'position': 1, 'permission_overwrites': [], 'name': 'Salons vocaux', 'id': '630479202117746710'}, {'user_limit': 0, 'type': 2, 'rtc_region': None, 'rate_limit_per_user': 0, 'position': 0, 'permission_overwrites': [], 'parent_id': '630479202117746710', 'name': 'Général', 'last_message_id': None, 'id': '630479202117746711', 'bitrate': 64000}, {'type': 0, 'topic': None, 'rate_limit_per_user': 0, 'position': 1, 'permission_overwrites': [{'type': 'role', 'id': '823177335443423232', 'deny_new': '0', 'deny': 0, 'allow_new': '1024', 'allow': 1024}, {'type': 'role', 'id': '630479201639727125', 'deny_new': '1024', 'deny': 1024, 'allow_new': '0', 'allow': 0}], 'parent_id': '630479202117746708', 'name': 'clash', 'last_message_id': '936710071969280071', 'id': '630479837705928724'}, {'type': 0, 'topic': None, 'rate_limit_per_user': 0, 'position': 3, 'permission_overwrites': [], 'parent_id': '630479202117746708', 'name': 'equipe-rouge', 'last_message_id': '852646384586326078', 'id': '689600731828846601'}, {'type': 0, 'topic': None, 'rate_limit_per_user': 0, 'position': 2, 'permission_overwrites': [], 'parent_id': '630479202117746708', 'name': 'équipe-bleu', 'last_message_id': '828312844679249920', 'id': '689600861626040330'}, {'user_limit': 0, 'type': 2, 'rtc_region': None, 'rate_limit_per_user': 0, 'position': 1, 'permission_overwrites': [], 'parent_id': '630479202117746710', 'name': 'équipe rouge', 'last_message_id': None, 'id': '689600995705225371', 'bitrate': 64000}, {'user_limit': 0, 'type': 2, 'rtc_region': None, 'rate_limit_per_user': 0, 'position': 4, 'permission_overwrites': [], 'parent_id': '630479202117746710', 'name': 'équipe bleu', 'last_message_id': None, 'id': '689601089011712101', 'bitrate': 64000}, {'type': 4, 'position': 2, 'permission_overwrites': [], 'name': 'SERVEUR', 'id': '691039039754731560'}, {'user_limit': 0, 'type': 2, 'rtc_region': None, 'rate_limit_per_user': 0, 'position': 6, 'permission_overwrites': [{'type': 'role', 'id': '630479201639727125', 'deny_new': '871368465', 'deny': 871368465, 'allow_new': '0', 'allow': 0}, {'type': 'role', 'id': '690989580278562896', 'deny_new': '0', 'deny': 0, 'allow_new': '1049600', 'allow': 1049600}, {'type': 'role', 'id': '690990161907154987', 'deny_new': '0', 'deny': 0, 'allow_new': '1049600', 'allow': 1049600}], 'parent_id': '691039039754731560', 'name': 'privé', 'last_message_id': None, 'id': '695771173748736070', 'bitrate': 64000}, {'user_limit': 0, 'type': 2, 'rtc_region': None, 'rate_limit_per_user': 0, 'position': 3, 'permission_overwrites': [{'type': 'role', 'id': '690989580278562896', 'deny_new': '0', 'deny': 0, 'allow_new': '1049088', 'allow': 1049088}, {'type': 'role', 'id': '630479201639727125', 'deny_new': '0', 'deny': 0, 'allow_new': '0', 'allow': 0}, {'type': 'role', 'id': '690990161907154987', 'deny_new': '0', 'deny': 0, 'allow_new': '1049088', 'allow': 1049088}, {'type': 'role', 'id': '696351923946651688', 'deny_new': '0', 'deny': 0, 'allow_new': '1049088', 'allow': 1049088}], 'parent_id': '630479202117746710', 'name': 'azerty', 'last_message_id': None, 'id': '709081909711601705', 'bitrate': 64000}, {'user_limit': 0, 'type': 2, 'rtc_region': None, 'rate_limit_per_user': 0, 'position': 5, 'permission_overwrites': [{'type': 'role', 'id': '630479201639727125', 'deny_new': '1049600', 'deny': 1049600, 'allow_new': '0', 'allow': 0}, {'type': 'role', 'id': '690990161907154987', 'deny_new': '0', 'deny': 0, 'allow_new': '1049600', 'allow': 1049600}], 'parent_id': '630479202117746710', 'name': 'Que les vrais', 'last_message_id': None, 'id': '781317145128730644', 'bitrate': 64000}], 'voice_states': [], 'roles': [{'unicode_emoji': None, 'tags': {}, 'position': 0, 'permissions_new': '1071698665025', 'permissions': 104324673, 'name': '@everyone', 'mentionable': False, 'managed': False, 'id': '630479201639727125', 'icon': None, 'hoist': False, 'color': 0}, {'unicode_emoji': None, 'tags': {'bot_id': '550737379460382752'}, 'position': 6, 'permissions_new': '7785016400', 'permissions': 1342565456, 'name': 'Zoe', 'mentionable': False, 'managed': True, 'id': '664148142530363422', 'icon': None, 'hoist': False, 'color': 0}, {'unicode_emoji': None, 'tags': {}, 'position': 5, 'permissions_new': '8589410303', 'permissions': 2146959359, 'name': 'Je suis juste le Boss enft !', 'mentionable': True, 'managed': False, 'id': '690989580278562896', 'icon': None, 'hoist': True, 'color': 16711680}, {'unicode_emoji': None, 'tags': {}, 'position': 3, 'permissions_new': '6546775649', 'permissions': 104324705, 'name': 'Les potes', 'mentionable': True, 'managed': False, 'id': '690990161907154987', 'icon': None, 'hoist': True, 'color': 3447003}, {'unicode_emoji': None, 'tags': {}, 'position': 4, 'permissions_new': '8291606271', 'permissions': 1849155327, 'name': 'les sous-boss', 'mentionable': True, 'managed': False, 'id': '696351923946651688', 'icon': None, 'hoist': True, 'color': 3066993}, {'unicode_emoji': None, 'tags': {}, 'position': 2, 'permissions_new': '6546775617', 'permissions': 104324673, 'name': 'clash', 'mentionable': False, 'managed': False, 'id': '823177335443423232', 'icon': None, 'hoist': False, 'color': 7419530}, {'unicode_emoji': None, 'tags': {}, 'position': 1, 'permissions_new': '6546775617', 'permissions': 104324673, 'name': 'nouveau rôle', 'mentionable': False, 'managed': False, 'id': '823177338534887455', 'icon': None, 'hoist': False, 'color': 0}, {'unicode_emoji': None, 'tags': {'bot_id': '964445572041953281'}, 'position': 1, 'permissions_new': '8', 'permissions': 8, 'name': 'bot_ing', 'mentionable': False, 'managed': True, 'id': '964447339202899992', 'icon': None, 'hoist': False, 'color': 0}], 'max_members': 500000, 'vanity_url_code': None, 'stickers': [], 'splash': None, 'description': None, 'max_video_channel_users': 25, 'features': [], 'afk_channel_id': None, 'threads': [], 'hub_type': None, 'unavailable': False, 'rules_channel_id': None, 'application_command_counts': {'3': 0, '2': 0, '1': 17}, 'embedded_activities': [], 'region': 'deprecated', 'id': '630479201639727125', 'premium_tier': 0, 'guild_hashes': {'version': 1, 'roles': {'omitted': False, 'hash': 'n5PviWdvXOg'}, 'metadata': {'omitted': False, 'hash': 'ZLgz4YXhUHY'}, 'channels': {'omitted': False, 'hash': 'j+B1pDT3iLg'}}, 'system_channel_flags': 0, 'member_count': 28, 'premium_progress_bar_enabled': False, 'verification_level': 0, 'emojis': [], 'presences': [], 'preferred_locale': 'en-US'}}
client.py: Dispatching event socket_response
client.py: Dispatching event guild_available
client.py: Dispatching event ready
Logs.py: bot_ing#3532 has connected to Discord!
client.py: Dispatching event socket_raw_receive
gateway.py: For Shard ID None: WebSocket Event: {'t': 'MESSAGE_CREATE', 's': 4, 'op': 0, 'd': {'type': 0, 'tts': False, 'timestamp': '2022-04-23T21:04:45.509000+00:00', 'referenced_message': None, 'pinned': False, 'nonce': '967531501757399040', 'mentions': [], 'mention_roles': [], 'mention_everyone': False, 'member': {'roles': ['696351923946651688', '823177335443423232', '690990161907154987'], 'mute': False, 'joined_at': '2019-10-08T18:45:21.532000+00:00', 'hoisted_role': '696351923946651688', 'deaf': False}, 'id': '967531500180500480', 'flags': 0, 'embeds': [], 'edited_timestamp': None, 'content': 'hello', 'components': [], 'channel_id': '630479202117746709', 'author': {'username': 'wasazat', 'public_flags': 0, 'id': '560738494776082453', 'discriminator': '2979', 'avatar_decoration': None, 'avatar': '8813dbb9985d14e6ee99e6924ed16218'}, 'attachments': [], 'guild_id': '630479201639727125'}}
client.py: Dispatching event socket_response
client.py: Dispatching event message
Logs.py: wasazat#2979: hello
client.py: Dispatching event socket_raw_receive
gateway.py: For Shard ID None: WebSocket Event: {'t': 'MESSAGE_CREATE', 's': 5, 'op': 0, 'd': {'type': 0, 'tts': False, 'timestamp': '2022-04-23T21:04:45.762000+00:00', 'referenced_message': None, 'pinned': False, 'mentions': [], 'mention_roles': [], 'mention_everyone': False, 'member': {'roles': ['964447339202899992'], 'premium_since': None, 'pending': False, 'nick': None, 'mute': False, 'joined_at': '2022-04-15T08:49:24.341318+00:00', 'hoisted_role': None, 'flags': 0, 'deaf': False, 'communication_disabled_until': None, 'avatar': None}, 'id': '967531501241643108', 'flags': 0, 'embeds': [], 'edited_timestamp': None, 'content': 'wasazat#2979 : hello', 'components': [], 'channel_id': '630479202117746709', 'author': {'username': 'bot_ing', 'public_flags': 0, 'id': '964445572041953281', 'discriminator': '3532', 'bot': True, 'avatar_decoration': None, 'avatar': None}, 'attachments': [], 'guild_id': '630479201639727125'}}
client.py: Dispatching event socket_response
client.py: Dispatching event message
http.py: POST https://discord.com/api/v7/channels/630479202117746709/messages with {"content":"wasazat#2979 : hello"} has returned 200
http.py: POST https://discord.com/api/v7/channels/630479202117746709/messages has received {'id': '967531501241643108', 'type': 0, 'content': 'wasazat#2979 : hello', 'channel_id': '630479202117746709', 'author': {'id': '964445572041953281', 'username': 'bot_ing', 'avatar': None, 'avatar_decoration': None, 'discriminator': '3532', 'public_flags': 0, 'bot': True}, 'attachments': [], 'embeds': [], 'mentions': [], 'mention_roles': [], 'pinned': False, 'mention_everyone': False, 'tts': False, 'timestamp': '2022-04-23T21:04:45.762000+00:00', 'edited_timestamp': None, 'flags': 0, 'components': [], 'referenced_message': None}
client.py: Dispatching event socket_raw_receive
gateway.py: For Shard ID None: WebSocket Event: {'t': 'MESSAGE_CREATE', 's': 6, 'op': 0, 'd': {'type': 0, 'tts': False, 'timestamp': '2022-04-23T21:04:46.447000+00:00', 'referenced_message': None, 'pinned': False, 'mentions': [], 'mention_roles': [], 'mention_everyone': False, 'member': {'roles': ['964447339202899992'], 'premium_since': None, 'pending': False, 'nick': None, 'mute': False, 'joined_at': '2022-04-15T08:49:24.341318+00:00', 'hoisted_role': None, 'flags': 0, 'deaf': False, 'communication_disabled_until': None, 'avatar': None}, 'id': '967531504114737193', 'flags': 0, 'embeds': [], 'edited_timestamp': None, 'content': 'Hello wasazat#2979', 'components': [], 'channel_id': '630479202117746709', 'author': {'username': 'bot_ing', 'public_flags': 0, 'id': '964445572041953281', 'discriminator': '3532', 'bot': True, 'avatar_decoration': None, 'avatar': None}, 'attachments': [], 'guild_id': '630479201639727125'}}
client.py: Dispatching event socket_response
client.py: Dispatching event message
http.py: POST https://discord.com/api/v7/channels/630479202117746709/messages with {"content":"Hello wasazat#2979"} has returned 200
http.py: POST https://discord.com/api/v7/channels/630479202117746709/messages has received {'id': '967531504114737193', 'type': 0, 'content': 'Hello wasazat#2979', 'channel_id': '630479202117746709', 'author': {'id': '964445572041953281', 'username': 'bot_ing', 'avatar': None, 'avatar_decoration': None, 'discriminator': '3532', 'public_flags': 0, 'bot': True}, 'attachments': [], 'embeds': [], 'mentions': [], 'mention_roles': [], 'pinned': False, 'mention_everyone': False, 'tts': False, 'timestamp': '2022-04-23T21:04:46.447000+00:00', 'edited_timestamp': None, 'flags': 0, 'components': [], 'referenced_message': None}
Logs.py: wasazat#2979: hello
client.py: Dispatching event socket_raw_receive
gateway.py: For Shard ID None: WebSocket Event: {'t': 'MESSAGE_CREATE', 's': 7, 'op': 0, 'd': {'type': 0, 'tts': False, 'timestamp': '2022-04-23T21:04:52.029000+00:00', 'referenced_message': None, 'pinned': False, 'nonce': '967531528860991488', 'mentions': [], 'mention_roles': [], 'mention_everyone': False, 'member': {'roles': ['696351923946651688', '823177335443423232', '690990161907154987'], 'mute': False, 'joined_at': '2019-10-08T18:45:21.532000+00:00', 'hoisted_role': '696351923946651688', 'deaf': False}, 'id': '967531527527350413', 'flags': 0, 'embeds': [], 'edited_timestamp': None, 'content': 'zebi', 'components': [], 'channel_id': '630479202117746709', 'author': {'username': 'wasazat', 'public_flags': 0, 'id': '560738494776082453', 'discriminator': '2979', 'avatar_decoration': None, 'avatar': '8813dbb9985d14e6ee99e6924ed16218'}, 'attachments': [], 'guild_id': '630479201639727125'}}
client.py: Dispatching event socket_response
client.py: Dispatching event message
Logs.py: wasazat#2979: zebi
client.py: Dispatching event socket_raw_receive
gateway.py: For Shard ID None: WebSocket Event: {'t': 'MESSAGE_CREATE', 's': 8, 'op': 0, 'd': {'type': 0, 'tts': False, 'timestamp': '2022-04-23T21:04:52.201000+00:00', 'referenced_message': None, 'pinned': False, 'mentions': [], 'mention_roles': [], 'mention_everyone': False, 'member': {'roles': ['964447339202899992'], 'premium_since': None, 'pending': False, 'nick': None, 'mute': False, 'joined_at': '2022-04-15T08:49:24.341318+00:00', 'hoisted_role': None, 'flags': 0, 'deaf': False, 'communication_disabled_until': None, 'avatar': None}, 'id': '967531528248766475', 'flags': 0, 'embeds': [], 'edited_timestamp': None, 'content': 'wasazat#2979 : zebi', 'components': [], 'channel_id': '630479202117746709', 'author': {'username': 'bot_ing', 'public_flags': 0, 'id': '964445572041953281', 'discriminator': '3532', 'bot': True, 'avatar_decoration': None, 'avatar': None}, 'attachments': [], 'guild_id': '630479201639727125'}}
client.py: Dispatching event socket_response
client.py: Dispatching event message
http.py: POST https://discord.com/api/v7/channels/630479202117746709/messages with {"content":"wasazat#2979 : zebi"} has returned 200
http.py: POST https://discord.com/api/v7/channels/630479202117746709/messages has received {'id': '967531528248766475', 'type': 0, 'content': 'wasazat#2979 : zebi', 'channel_id': '630479202117746709', 'author': {'id': '964445572041953281', 'username': 'bot_ing', 'avatar': None, 'avatar_decoration': None, 'discriminator': '3532', 'public_flags': 0, 'bot': True}, 'attachments': [], 'embeds': [], 'mentions': [], 'mention_roles': [], 'pinned': False, 'mention_everyone': False, 'tts': False, 'timestamp': '2022-04-23T21:04:52.201000+00:00', 'edited_timestamp': None, 'flags': 0, 'components': [], 'referenced_message': None}
client.py: Received signal to terminate bot and event loop.
client.py: Cleaning up tasks.
client.py: Cleaning up after 1 tasks.
client.py: All tasks finished cancelling.
client.py: Closing the event loop.
client.py: logging in using static token
http.py: GET https://discord.com/api/v7/users/@me with None has returned 200
http.py: GET https://discord.com/api/v7/users/@me has received {'id': '964445572041953281', 'username': 'bot_ing', 'avatar': None, 'avatar_decoration': None, 'discriminator': '3532', 'public_flags': 0, 'flags': 0, 'bot': True, 'banner': None, 'banner_color': None, 'accent_color': None, 'bio': '', 'pronouns': '', 'locale': 'en-US', 'mfa_enabled': False, 'email': None, 'verified': True}
http.py: GET https://discord.com/api/v7/gateway with None has returned 200
http.py: GET https://discord.com/api/v7/gateway has received {'url': 'wss://gateway.discord.gg'}
gateway.py: Created websocket connected to wss://gateway.discord.gg?encoding=json&v=6&compress=zlib-stream
client.py: Dispatching event socket_raw_receive
gateway.py: For Shard ID None: WebSocket Event: {'t': None, 's': None, 'op': 10, 'd': {'heartbeat_interval': 41250, '_trace': ['["gateway-prd-main-c9xf",{"micros":0.0}]']}}
client.py: Dispatching event socket_response
client.py: Dispatching event socket_raw_send
client.py: Dispatching event socket_raw_send
gateway.py: Shard ID None has sent the IDENTIFY payload.
client.py: Dispatching event socket_raw_receive
gateway.py: For Shard ID None: WebSocket Event: {'t': None, 's': None, 'op': 11, 'd': None}
client.py: Dispatching event socket_response
client.py: Dispatching event socket_raw_receive
gateway.py: For Shard ID None: WebSocket Event: {'t': 'READY', 's': 1, 'op': 0, 'd': {'v': 6, 'user_settings': {}, 'user': {'verified': True, 'username': 'bot_ing', 'mfa_enabled': False, 'id': '964445572041953281', 'flags': 0, 'email': None, 'discriminator': '3532', 'bot': True, 'avatar': None}, 'session_id': '749bc0312fa27afd43a31dc22e50f2d8', 'relationships': [], 'private_channels': [], 'presences': [], 'guilds': [{'unavailable': True, 'id': '630479201639727125'}], 'guild_join_requests': [], 'geo_ordered_rtc_regions': ['rotterdam', 'milan', 'madrid', 'stockholm', 'bucharest'], 'application': {'id': '964445572041953281', 'flags': 262144}, '_trace': ['["gateway-prd-main-c9xf",{"micros":90109,"calls":["discord-sessions-blue-prd-2-95",{"micros":84997,"calls":["start_session",{"micros":63476,"calls":["discord-api-59dffdb7f6-ztf6p",{"micros":59172,"calls":["get_user",{"micros":20088},"add_authorized_ip",{"micros":4848},"get_guilds",{"micros":8559},"coros_wait",{"micros":2}]}]},"guilds_connect",{"micros":1,"calls":[]},"presence_connect",{"micros":0,"calls":[]}]}]}]']}}
client.py: Dispatching event socket_response
gateway.py: Shard ID None has connected to Gateway: ["gateway-prd-main-c9xf",{"micros":90109,"calls":["discord-sessions-blue-prd-2-95",{"micros":84997,"calls":["start_session",{"micros":63476,"calls":["discord-api-59dffdb7f6-ztf6p",{"micros":59172,"calls":["get_user",{"micros":20088},"add_authorized_ip",{"micros":4848},"get_guilds",{"micros":8559},"coros_wait",{"micros":2}]}]},"guilds_connect",{"micros":1,"calls":[]},"presence_connect",{"micros":0,"calls":[]}]}]}] (Session ID: 749bc0312fa27afd43a31dc22e50f2d8).
client.py: Dispatching event connect
client.py: Dispatching event socket_raw_receive
gateway.py: For Shard ID None: WebSocket Event: {'t': 'GUILD_CREATE', 's': 2, 'op': 0, 'd': {'preferred_locale': 'en-US', 'emojis': [], 'mfa_level': 0, 'name': 'ICO', 'public_updates_channel_id': None, 'voice_states': [], 'premium_tier': 0, 'max_video_channel_users': 25, 'system_channel_id': '630479202117746709', 'stickers': [], 'splash': None, 'banner': None, 'verification_level': 0, 'afk_timeout': 300, 'presences': [], 'afk_channel_id': None, 'vanity_url_code': None, 'premium_progress_bar_enabled': False, 'large': False, 'unavailable': False, 'lazy': True, 'max_members': 500000, 'owner_id': '241095381834792960', 'description': None, 'icon': None, 'explicit_content_filter': 0, 'threads': [], 'premium_subscription_count': 0, 'application_command_counts': {'3': 0, '2': 0, '1': 17}, 'nsfw_level': 0, 'default_message_notifications': 0, 'hub_type': None, 'id': '630479201639727125', 'guild_hashes': {'version': 1, 'roles': {'omitted': False, 'hash': 'n5PviWdvXOg'}, 'metadata': {'omitted': False, 'hash': 'ZLgz4YXhUHY'}, 'channels': {'omitted': False, 'hash': 'j+B1pDT3iLg'}}, 'system_channel_flags': 0, 'member_count': 28, 'features': [], 'region': 'deprecated', 'embedded_activities': [], 'roles': [{'unicode_emoji': None, 'tags': {}, 'position': 0, 'permissions_new': '1071698665025', 'permissions': 104324673, 'name': '@everyone', 'mentionable': False, 'managed': False, 'id': '630479201639727125', 'icon': None, 'hoist': False, 'color': 0}, {'unicode_emoji': None, 'tags': {'bot_id': '550737379460382752'}, 'position': 6, 'permissions_new': '7785016400', 'permissions': 1342565456, 'name': 'Zoe', 'mentionable': False, 'managed': True, 'id': '664148142530363422', 'icon': None, 'hoist': False, 'color': 0}, {'unicode_emoji': None, 'tags': {}, 'position': 5, 'permissions_new': '8589410303', 'permissions': 2146959359, 'name': 'Je suis juste le Boss enft !', 'mentionable': True, 'managed': False, 'id': '690989580278562896', 'icon': None, 'hoist': True, 'color': 16711680}, {'unicode_emoji': None, 'tags': {}, 'position': 3, 'permissions_new': '6546775649', 'permissions': 104324705, 'name': 'Les potes', 'mentionable': True, 'managed': False, 'id': '690990161907154987', 'icon': None, 'hoist': True, 'color': 3447003}, {'unicode_emoji': None, 'tags': {}, 'position': 4, 'permissions_new': '8291606271', 'permissions': 1849155327, 'name': 'les sous-boss', 'mentionable': True, 'managed': False, 'id': '696351923946651688', 'icon': None, 'hoist': True, 'color': 3066993}, {'unicode_emoji': None, 'tags': {}, 'position': 2, 'permissions_new': '6546775617', 'permissions': 104324673, 'name': 'clash', 'mentionable': False, 'managed': False, 'id': '823177335443423232', 'icon': None, 'hoist': False, 'color': 7419530}, {'unicode_emoji': None, 'tags': {}, 'position': 1, 'permissions_new': '6546775617', 'permissions': 104324673, 'name': 'nouveau rôle', 'mentionable': False, 'managed': False, 'id': '823177338534887455', 'icon': None, 'hoist': False, 'color': 0}, {'unicode_emoji': None, 'tags': {'bot_id': '964445572041953281'}, 'position': 1, 'permissions_new': '8', 'permissions': 8, 'name': 'bot_ing', 'mentionable': False, 'managed': True, 'id': '964447339202899992', 'icon': None, 'hoist': False, 'color': 0}], 'discovery_splash': None, 'joined_at': '2022-04-15T08:49:24.341318+00:00', 'nsfw': False, 'guild_scheduled_events': [], 'members': [{'user': {'username': 'bot_ing', 'id': '964445572041953281', 'discriminator': '3532', 'bot': True, 'avatar': None}, 'roles': ['964447339202899992'], 'premium_since': None, 'pending': False, 'nick': None, 'mute': False, 'joined_at': '2022-04-15T08:49:24.341318+00:00', 'hoisted_role': None, 'flags': 0, 'deaf': False, 'communication_disabled_until': None, 'avatar': None}], 'rules_channel_id': None, 'application_id': None, 'channels': [{'type': 4, 'position': 0, 'permission_overwrites': [], 'name': 'Salons textuels', 'id': '630479202117746708'}, {'type': 0, 'topic': None, 'rate_limit_per_user': 0, 'position': 0, 'permission_overwrites': [], 'parent_id': '630479202117746708', 'name': 'général', 'last_message_id': '967531631101509712', 'id': '630479202117746709'}, {'type': 4, 'position': 1, 'permission_overwrites': [], 'name': 'Salons vocaux', 'id': '630479202117746710'}, {'user_limit': 0, 'type': 2, 'rtc_region': None, 'rate_limit_per_user': 0, 'position': 0, 'permission_overwrites': [], 'parent_id': '630479202117746710', 'name': 'Général', 'last_message_id': None, 'id': '630479202117746711', 'bitrate': 64000}, {'type': 0, 'topic': None, 'rate_limit_per_user': 0, 'position': 1, 'permission_overwrites': [{'type': 'role', 'id': '823177335443423232', 'deny_new': '0', 'deny': 0, 'allow_new': '1024', 'allow': 1024}, {'type': 'role', 'id': '630479201639727125', 'deny_new': '1024', 'deny': 1024, 'allow_new': '0', 'allow': 0}], 'parent_id': '630479202117746708', 'name': 'clash', 'last_message_id': '936710071969280071', 'id': '630479837705928724'}, {'type': 0, 'topic': None, 'rate_limit_per_user': 0, 'position': 3, 'permission_overwrites': [], 'parent_id': '630479202117746708', 'name': 'equipe-rouge', 'last_message_id': '852646384586326078', 'id': '689600731828846601'}, {'type': 0, 'topic': None, 'rate_limit_per_user': 0, 'position': 2, 'permission_overwrites': [], 'parent_id': '630479202117746708', 'name': 'équipe-bleu', 'last_message_id': '828312844679249920', 'id': '689600861626040330'}, {'user_limit': 0, 'type': 2, 'rtc_region': None, 'rate_limit_per_user': 0, 'position': 1, 'permission_overwrites': [], 'parent_id': '630479202117746710', 'name': 'équipe rouge', 'last_message_id': None, 'id': '689600995705225371', 'bitrate': 64000}, {'user_limit': 0, 'type': 2, 'rtc_region': None, 'rate_limit_per_user': 0, 'position': 4, 'permission_overwrites': [], 'parent_id': '630479202117746710', 'name': 'équipe bleu', 'last_message_id': None, 'id': '689601089011712101', 'bitrate': 64000}, {'type': 4, 'position': 2, 'permission_overwrites': [], 'name': 'SERVEUR', 'id': '691039039754731560'}, {'user_limit': 0, 'type': 2, 'rtc_region': None, 'rate_limit_per_user': 0, 'position': 6, 'permission_overwrites': [{'type': 'role', 'id': '630479201639727125', 'deny_new': '871368465', 'deny': 871368465, 'allow_new': '0', 'allow': 0}, {'type': 'role', 'id': '690989580278562896', 'deny_new': '0', 'deny': 0, 'allow_new': '1049600', 'allow': 1049600}, {'type': 'role', 'id': '690990161907154987', 'deny_new': '0', 'deny': 0, 'allow_new': '1049600', 'allow': 1049600}], 'parent_id': '691039039754731560', 'name': 'privé', 'last_message_id': None, 'id': '695771173748736070', 'bitrate': 64000}, {'user_limit': 0, 'type': 2, 'rtc_region': None, 'rate_limit_per_user': 0, 'position': 3, 'permission_overwrites': [{'type': 'role', 'id': '690989580278562896', 'deny_new': '0', 'deny': 0, 'allow_new': '1049088', 'allow': 1049088}, {'type': 'role', 'id': '630479201639727125', 'deny_new': '0', 'deny': 0, 'allow_new': '0', 'allow': 0}, {'type': 'role', 'id': '690990161907154987', 'deny_new': '0', 'deny': 0, 'allow_new': '1049088', 'allow': 1049088}, {'type': 'role', 'id': '696351923946651688', 'deny_new': '0', 'deny': 0, 'allow_new': '1049088', 'allow': 1049088}], 'parent_id': '630479202117746710', 'name': 'azerty', 'last_message_id': None, 'id': '709081909711601705', 'bitrate': 64000}, {'user_limit': 0, 'type': 2, 'rtc_region': None, 'rate_limit_per_user': 0, 'position': 5, 'permission_overwrites': [{'type': 'role', 'id': '630479201639727125', 'deny_new': '1049600', 'deny': 1049600, 'allow_new': '0', 'allow': 0}, {'type': 'role', 'id': '690990161907154987', 'deny_new': '0', 'deny': 0, 'allow_new': '1049600', 'allow': 1049600}], 'parent_id': '630479202117746710', 'name': 'Que les vrais', 'last_message_id': None, 'id': '781317145128730644', 'bitrate': 64000}], 'stage_instances': []}}
client.py: Dispatching event socket_response
client.py: Dispatching event guild_available
client.py: Dispatching event ready
Logs.py: bot_ing#3532 has connected to Discord!
client.py: Dispatching event socket_raw_receive
gateway.py: For Shard ID None: WebSocket Event: {'t': 'MESSAGE_CREATE', 's': 3, 'op': 0, 'd': {'type': 0, 'tts': False, 'timestamp': '2022-04-23T21:05:36.045000+00:00', 'referenced_message': None, 'pinned': False, 'nonce': '967531713557168128', 'mentions': [], 'mention_roles': [], 'mention_everyone': False, 'member': {'roles': ['696351923946651688', '823177335443423232', '690990161907154987'], 'mute': False, 'joined_at': '2019-10-08T18:45:21.532000+00:00', 'hoisted_role': '696351923946651688', 'deaf': False}, 'id': '967531712143839262', 'flags': 0, 'embeds': [], 'edited_timestamp': None, 'content': 'wewe', 'components': [], 'channel_id': '630479202117746709', 'author': {'username': 'wasazat', 'public_flags': 0, 'id': '560738494776082453', 'discriminator': '2979', 'avatar_decoration': None, 'avatar': '8813dbb9985d14e6ee99e6924ed16218'}, 'attachments': [], 'guild_id': '630479201639727125'}}
client.py: Dispatching event socket_response
client.py: Dispatching event message
Logs.py: wasazat#2979: wewe
client.py: Dispatching event socket_raw_receive
gateway.py: For Shard ID None: WebSocket Event: {'t': 'MESSAGE_CREATE', 's': 4, 'op': 0, 'd': {'type': 0, 'tts': False, 'timestamp': '2022-04-23T21:05:36.241000+00:00', 'referenced_message': None, 'pinned': False, 'mentions': [], 'mention_roles': [], 'mention_everyone': False, 'member': {'roles': ['964447339202899992'], 'premium_since': None, 'pending': False, 'nick': None, 'mute': False, 'joined_at': '2022-04-15T08:49:24.341318+00:00', 'hoisted_role': None, 'flags': 0, 'deaf': False, 'communication_disabled_until': None, 'avatar': None}, 'id': '967531712965910539', 'flags': 0, 'embeds': [], 'edited_timestamp': None, 'content': 'wasazat#2979 : wewe', 'components': [], 'channel_id': '630479202117746709', 'author': {'username': 'bot_ing', 'public_flags': 0, 'id': '964445572041953281', 'discriminator': '3532', 'bot': True, 'avatar_decoration': None, 'avatar': None}, 'attachments': [], 'guild_id': '630479201639727125'}}
client.py: Dispatching event socket_response
client.py: Dispatching event message
http.py: POST https://discord.com/api/v7/channels/630479202117746709/messages with {"content":"wasazat#2979 : wewe"} has returned 200
http.py: POST https://discord.com/api/v7/channels/630479202117746709/messages has received {'id': '967531712965910539', 'type': 0, 'content': 'wasazat#2979 : wewe', 'channel_id': '630479202117746709', 'author': {'id': '964445572041953281', 'username': 'bot_ing', 'avatar': None, 'avatar_decoration': None, 'discriminator': '3532', 'public_flags': 0, 'bot': True}, 'attachments': [], 'embeds': [], 'mentions': [], 'mention_roles': [], 'pinned': False, 'mention_everyone': False, 'tts': False, 'timestamp': '2022-04-23T21:05:36.241000+00:00', 'edited_timestamp': None, 'flags': 0, 'components': [], 'referenced_message': None}
client.py: Dispatching event socket_raw_receive
gateway.py: For Shard ID None: WebSocket Event: {'t': 'MESSAGE_CREATE', 's': 5, 'op': 0, 'd': {'type': 0, 'tts': False, 'timestamp': '2022-04-23T21:05:48.428000+00:00', 'referenced_message': None, 'pinned': False, 'nonce': '967531762848628736', 'mentions': [], 'mention_roles': [], 'mention_everyone': False, 'member': {'roles': ['823177335443423232', '690990161907154987'], 'mute': False, 'joined_at': '2022-01-15T20:06:19.344000+00:00', 'hoisted_role': '690990161907154987', 'deaf': False}, 'id': '967531764081909781', 'flags': 0, 'embeds': [], 'edited_timestamp': None, 'content': 'o', 'components': [], 'channel_id': '630479202117746709', 'author': {'username': 'messi10', 'public_flags': 0, 'id': '694260920913887392', 'discriminator': '7895', 'avatar_decoration': None, 'avatar': 'f6312a3edf4b7167be958d4e27600769'}, 'attachments': [], 'guild_id': '630479201639727125'}}
client.py: Dispatching event socket_response
client.py: Dispatching event message
Logs.py: messi10#7895: o
client.py: Dispatching event socket_raw_receive
gateway.py: For Shard ID None: WebSocket Event: {'t': 'MESSAGE_CREATE', 's': 6, 'op': 0, 'd': {'type': 0, 'tts': False, 'timestamp': '2022-04-23T21:05:48.708000+00:00', 'referenced_message': None, 'pinned': False, 'mentions': [], 'mention_roles': [], 'mention_everyone': False, 'member': {'roles': ['964447339202899992'], 'premium_since': None, 'pending': False, 'nick': None, 'mute': False, 'joined_at': '2022-04-15T08:49:24.341318+00:00', 'hoisted_role': None, 'flags': 0, 'deaf': False, 'communication_disabled_until': None, 'avatar': None}, 'id': '967531765256294430', 'flags': 0, 'embeds': [], 'edited_timestamp': None, 'content': 'messi10#7895 : o', 'components': [], 'channel_id': '630479202117746709', 'author': {'username': 'bot_ing', 'public_flags': 0, 'id': '964445572041953281', 'discriminator': '3532', 'bot': True, 'avatar_decoration': None, 'avatar': None}, 'attachments': [], 'guild_id': '630479201639727125'}}
client.py: Dispatching event socket_response
client.py: Dispatching event message
http.py: POST https://discord.com/api/v7/channels/630479202117746709/messages with {"content":"messi10#7895 : o"} has returned 200
http.py: POST https://discord.com/api/v7/channels/630479202117746709/messages has received {'id': '967531765256294430', 'type': 0, 'content': 'messi10#7895 : o', 'channel_id': '630479202117746709', 'author': {'id': '964445572041953281', 'username': 'bot_ing', 'avatar': None, 'avatar_decoration': None, 'discriminator': '3532', 'public_flags': 0, 'bot': True}, 'attachments': [], 'embeds': [], 'mentions': [], 'mention_roles': [], 'pinned': False, 'mention_everyone': False, 'tts': False, 'timestamp': '2022-04-23T21:05:48.708000+00:00', 'edited_timestamp': None, 'flags': 0, 'components': [], 'referenced_message': None}
gateway.py: Keeping shard ID None websocket alive with sequence 6.
client.py: Dispatching event socket_raw_receive
gateway.py: For Shard ID None: WebSocket Event: {'t': None, 's': None, 'op': 11, 'd': None}
client.py: Dispatching event socket_response
gateway.py: Keeping shard ID None websocket alive with sequence 6.
client.py: Dispatching event socket_raw_receive
gateway.py: For Shard ID None: WebSocket Event: {'t': None, 's': None, 'op': 11, 'd': None}
client.py: Dispatching event socket_response
gateway.py: Keeping shard ID None websocket alive with sequence 6.
client.py: Dispatching event socket_raw_receive
gateway.py: For Shard ID None: WebSocket Event: {'t': None, 's': None, 'op': 11, 'd': None}
client.py: Dispatching event socket_response
gateway.py: Keeping shard ID None websocket alive with sequence 6.
client.py: Dispatching event socket_raw_receive
gateway.py: For Shard ID None: WebSocket Event: {'t': None, 's': None, 'op': 11, 'd': None}
client.py: Dispatching event socket_response
gateway.py: Keeping shard ID None websocket alive with sequence 6.
client.py: Dispatching event socket_raw_receive
gateway.py: For Shard ID None: WebSocket Event: {'t': None, 's': None, 'op': 11, 'd': None}
client.py: Dispatching event socket_response
gateway.py: Received WSMessage(type=<WSMsgType.CLOSE: 8>, data=4003, extra='Not authenticated.')
gateway.py: Websocket closed with 4003, attempting a reconnect.
client.py: Got a request to RESUME the websocket.
client.py: Dispatching event disconnect
http.py: GET https://discord.com/api/v7/gateway with None has returned 200
http.py: GET https://discord.com/api/v7/gateway has received {'url': 'wss://gateway.discord.gg'}
gateway.py: Created websocket connected to wss://gateway.discord.gg?encoding=json&v=6&compress=zlib-stream
client.py: Dispatching event socket_raw_receive
gateway.py: For Shard ID None: WebSocket Event: {'t': None, 's': None, 'op': 10, 'd': {'heartbeat_interval': 41250, '_trace': ['["gateway-prd-main-w9b2",{"micros":0.0}]']}}
client.py: Dispatching event socket_response
client.py: Dispatching event socket_raw_send
client.py: Dispatching event socket_raw_send
gateway.py: Shard ID None has sent the RESUME payload.
client.py: Dispatching event socket_raw_receive
gateway.py: For Shard ID None: WebSocket Event: {'t': None, 's': None, 'op': 11, 'd': None}
client.py: Dispatching event socket_response
client.py: Dispatching event socket_raw_receive
gateway.py: For Shard ID None: WebSocket Event: {'t': None, 's': None, 'op': 9, 'd': False}
client.py: Dispatching event socket_response
gateway.py: Shard ID None session has been invalidated.
client.py: Got a request to IDENTIFY the websocket.
client.py: Dispatching event disconnect
http.py: GET https://discord.com/api/v7/gateway with None has returned 200
http.py: GET https://discord.com/api/v7/gateway has received {'url': 'wss://gateway.discord.gg'}
gateway.py: Created websocket connected to wss://gateway.discord.gg?encoding=json&v=6&compress=zlib-stream
client.py: Dispatching event socket_raw_receive
gateway.py: For Shard ID None: WebSocket Event: {'t': None, 's': None, 'op': 10, 'd': {'heartbeat_interval': 41250, '_trace': ['["gateway-prd-main-7qc5",{"micros":0.0}]']}}
client.py: Dispatching event socket_response
client.py: Dispatching event socket_raw_send
client.py: Dispatching event socket_raw_send
gateway.py: Shard ID None has sent the IDENTIFY payload.
client.py: Dispatching event socket_raw_receive
gateway.py: For Shard ID None: WebSocket Event: {'t': None, 's': None, 'op': 11, 'd': None}
client.py: Dispatching event socket_response
gateway.py: Received WSMessage(type=<WSMsgType.CLOSE: 8>, data=4004, extra='Authentication failed.')
gateway.py: Websocket closed with 4004, cannot reconnect.
client.py: Dispatching event disconnect
client.py: Cleaning up tasks.
client.py: Closing the event loop.
